2011-11-16 12:17:30,067 - Log4JLogChute initialized using file 'velocity.log'
2011-11-16 12:17:30,067 - Starting Apache Velocity v1.5 (compiled: 2007-02-22 08:52:29)
2011-11-16 12:17:30,067 - Default Properties File: org/apache/velocity/runtime/defaults/velocity.properties
2011-11-16 12:17:30,067 - Trying to use logger class org.apache.velocity.runtime.log.AvalonLogChute
2011-11-16 12:17:30,068 - Couldn't find class org.apache.velocity.runtime.log.AvalonLogChute or necessary supporting classes in classpath.
java.lang.NoClassDefFoundError: org/apache/log/format/Formatter
	at java.lang.Class.forName0(Native Method)
	at java.lang.Class.forName(Class.java:247)
	at org.apache.velocity.util.ClassUtils.getClass(ClassUtils.java:63)
	at org.apache.velocity.util.ClassUtils.getNewInstance(ClassUtils.java:95)
	at org.apache.velocity.runtime.log.LogManager.createLogChute(LogManager.java:147)
	at org.apache.velocity.runtime.log.LogManager.updateLog(LogManager.java:208)
	at org.apache.velocity.runtime.RuntimeInstance.initializeLog(RuntimeInstance.java:728)
	at org.apache.velocity.runtime.RuntimeInstance.init(RuntimeInstance.java:240)
	at org.apache.velocity.runtime.RuntimeInstance.init(RuntimeInstance.java:534)
	at org.apache.velocity.app.VelocityEngine.init(VelocityEngine.java:144)
	at com.amazonaws.mturk.addon.HITQuestion.<init>(HITQuestion.java:68)
	at simple_survey.SimpleSurvey.createSimpleSurvey(SimpleSurvey.java:99)
	at simple_survey.SimpleSurvey.main(SimpleSurvey.java:144)
Caused by: java.lang.ClassNotFoundException: org.apache.log.format.Formatter
	at java.net.URLClassLoader$1.run(URLClassLoader.java:202)
	at java.security.AccessController.doPrivileged(Native Method)
	at java.net.URLClassLoader.findClass(URLClassLoader.java:190)
	at java.lang.ClassLoader.loadClass(ClassLoader.java:306)
	at sun.misc.Launcher$AppClassLoader.loadClass(Launcher.java:301)
	at java.lang.ClassLoader.loadClass(ClassLoader.java:247)
	... 13 more
2011-11-16 12:17:30,069 - Trying to use logger class org.apache.velocity.runtime.log.Log4JLogChute
2011-11-16 12:17:30,069 - Using logger class org.apache.velocity.runtime.log.Log4JLogChute
2011-11-16 12:17:30,083 - Default ResourceManager initializing. (class org.apache.velocity.runtime.resource.ResourceManagerImpl)
2011-11-16 12:17:30,101 - ResourceLoader instantiated: org.apache.velocity.runtime.resource.loader.FileResourceLoader
2011-11-16 12:17:30,102 - Do unicode file recognition:  false
2011-11-16 12:17:30,102 - FileResourceLoader : adding path '.'
2011-11-16 12:17:30,214 - ResourceCache: initialized (class org.apache.velocity.runtime.resource.ResourceCacheImpl)
2011-11-16 12:17:30,215 - Loaded System Directive: org.apache.velocity.runtime.directive.Literal
2011-11-16 12:17:30,216 - Loaded System Directive: org.apache.velocity.runtime.directive.Macro
2011-11-16 12:17:30,236 - Loaded System Directive: org.apache.velocity.runtime.directive.Parse
2011-11-16 12:17:30,237 - Loaded System Directive: org.apache.velocity.runtime.directive.Include
2011-11-16 12:17:30,238 - Loaded System Directive: org.apache.velocity.runtime.directive.Foreach
2011-11-16 12:17:30,315 - Created '20' parsers.
2011-11-16 12:17:30,362 - Velocimacro : "velocimacro.library" is not set.  Trying default library: VM_global_library.vm
2011-11-16 12:17:30,363 - Velocimacro : Default library not found.
2011-11-16 12:17:30,363 - Velocimacro : allowInline = true : VMs can be defined inline in templates
2011-11-16 12:17:30,363 - Velocimacro : allowInlineToOverride = false : VMs defined inline may NOT replace previous VM definitions
2011-11-16 12:17:30,363 - Velocimacro : allowInlineLocal = false : VMs defined inline will be global in scope if allowed.
2011-11-16 12:17:30,363 - Velocimacro : autoload off : VM system will not automatically reload global library macros
2011-11-16 12:17:30,404 - ResourceManager : found simple_survey.question with loader org.apache.velocity.runtime.resource.loader.FileResourceLoader
